[    0.000000] Initializing cgroup subsys cpuset
[    0.000000] Initializing cgroup subsys cpu
[    0.000000] Initializing cgroup subsys cpuacct
[    0.000000] Linux version 4.4.0-109-generic (buildd@lgw01-amd64-038) (gcc version 5.4.0 20160609 (Ubuntu 5.4.0-6ubuntu1~16.04.5) ) #132-Ubuntu SMP Tue Jan 9 19:52:39 UTC 2018 (Ubuntu 4.4.0-109.132-generic 4.4.98)
[    0.000000] Command line: BOOT_IMAGE=/boot/vmlinuz-4.4.0-109-generic root=LABEL=cloudimg-rootfs ro console=tty1 console=ttyS0
[    0.000000] KERNEL supported cpus:
[    0.000000]   Intel GenuineIntel
[    0.000000]   AMD AuthenticAMD
[    0.000000]   Centaur CentaurHauls
[    0.000000] x86/fpu: xstate_offset[2]:  576, xstate_sizes[2]:  256
[    0.000000] x86/fpu: Supporting XSAVE feature 0x01: 'x87 floating point registers'
[    0.000000] x86/fpu: Supporting XSAVE feature 0x02: 'SSE registers'
[    0.000000] x86/fpu: Supporting XSAVE feature 0x04: 'AVX registers'
[    0.000000] x86/fpu: Enabled xstate features 0x7, context size is 832 bytes, using 'standard' format.
[    0.000000] x86/fpu: Using 'lazy' FPU context switches.
[    0.000000] e820: BIOS-provided physical RAM map:
[    0.000000] BIOS-e820: [mem 0x0000000000000000-0x000000000009fbff] usable
[    0.000000] BIOS-e820: [mem 0x000000000009fc00-0x000000000009ffff] reserved
[    0.000000] BIOS-e820: [mem 0x00000000000f0000-0x00000000000fffff] reserved
[    0.000000] BIOS-e820: [mem 0x0000000000100000-0x000000007ffeffff] usable
[    0.000000] BIOS-e820: [mem 0x000000007fff0000-0x000000007fffffff] ACPI data
[    0.000000] BIOS-e820: [mem 0x00000000fec00000-0x00000000fec00fff] reserved
[    0.000000] BIOS-e820: [mem 0x00000000fee00000-0x00000000fee00fff] reserved
[    0.000000] BIOS-e820: [mem 0x00000000fffc0000-0x00000000ffffffff] reserved
[    0.000000] NX (Execute Disable) protection: active
[    0.000000] SMBIOS 2.5 present.
[    0.000000] Hypervisor detected: KVM
[    0.000000] e820: last_pfn = 0x7fff0 max_arch_pfn = 0x400000000
[    0.000000] MTRR: Disabled
[    0.000000] x86/PAT: MTRRs disabled, skipping PAT initialization too.
[    0.000000] CPU MTRRs all blank - virtualized system.
[    0.000000] x86/PAT: Configuration [0-7]: WB  WT  UC- UC  WB  WT  UC- UC  
[    0.000000] found SMP MP-table at [mem 0x0009fff0-0x0009ffff] mapped at [ffff88000009fff0]
[    0.000000] Scanning 1 areas for low memory corruption
[    0.000000] RAMDISK: [mem 0x36adc000-0x37565fff]
[    0.000000] ACPI: Early table checksum verification disabled
[    0.000000] ACPI: RSDP 0x00000000000E0000 000024 (v02 VBOX  )
[    0.000000] ACPI: XSDT 0x000000007FFF0030 00003C (v01 VBOX   VBOXXSDT 00000001 ASL  00000061)
[    0.000000] ACPI: FACP 0x000000007FFF00F0 0000F4 (v04 VBOX   VBOXFACP 00000001 ASL  00000061)
[    0.000000] ACPI: DSDT 0x000000007FFF0470 0021FF (v02 VBOX   VBOXBIOS 00000002 INTL 20100528)
[    0.000000] ACPI: FACS 0x000000007FFF0200 000040
[    0.000000] ACPI: FACS 0x000000007FFF0200 000040
[    0.000000] ACPI: APIC 0x000000007FFF0240 00005C (v02 VBOX   VBOXAPIC 00000001 ASL  00000061)
[    0.000000] ACPI: SSDT 0x000000007FFF02A0 0001CC (v01 VBOX   VBOXCPUT 00000002 INTL 20100528)
[    0.000000] No NUMA configuration found
[    0.000000] Faking a node at [mem 0x0000000000000000-0x000000007ffeffff]
[    0.000000] NODE_DATA(0) allocated [mem 0x7ffeb000-0x7ffeffff]
[    0.000000] kvm-clock: Using msrs 4b564d01 and 4b564d00
[    0.000000] kvm-clock: cpu 0, msr 0:7ffe3001, primary cpu clock
[    0.000000] kvm-clock: using sched offset of 3591235086 cycles
[    0.000000] clocksource: kvm-clock: mask: 0xffffffffffffffff max_cycles: 0x1cd42e4dffb, max_idle_ns: 881590591483 ns
[    0.000000] Zone ranges:
[    0.000000]   DMA      [mem 0x0000000000001000-0x0000000000ffffff]
[    0.000000]   DMA32    [mem 0x0000000001000000-0x000000007ffeffff]
[    0.000000]   Normal   empty
[    0.000000]   Device   empty
[    0.000000] Movable zone start for each node
[    0.000000] Early memory node ranges
[    0.000000]   node   0: [mem 0x0000000000001000-0x000000000009efff]
[    0.000000]   node   0: [mem 0x0000000000100000-0x000000007ffeffff]
[    0.000000] Initmem setup node 0 [mem 0x0000000000001000-0x000000007ffeffff]
[    0.000000] ACPI: PM-Timer IO Port: 0x4008
[    0.000000] IOAPIC[0]: apic_id 2, version 32, address 0xfec00000, GSI 0-23
[    0.000000] ACPI: INT_SRC_OVR (bus 0 bus_irq 0 global_irq 2 dfl dfl)
[    0.000000] ACPI: INT_SRC_OVR (bus 0 bus_irq 9 global_irq 9 high level)
[    0.000000] Using ACPI (MADT) for SMP configuration information
[    0.000000] smpboot: Allowing 2 CPUs, 0 hotplug CPUs
[    0.000000] PM: Registered nosave memory: [mem 0x00000000-0x00000fff]
[    0.000000] PM: Registered nosave memory: [mem 0x0009f000-0x0009ffff]
[    0.000000] PM: Registered nosave memory: [mem 0x000a0000-0x000effff]
[    0.000000] PM: Registered nosave memory: [mem 0x000f0000-0x000fffff]
[    0.000000] e820: [mem 0x80000000-0xfebfffff] available for PCI devices
[    0.000000] Booting paravirtualized kernel on KVM
[    0.000000] clocksource: refined-jiffies: mask: 0xffffffff max_cycles: 0xffffffff, max_idle_ns: 7645519600211568 ns
[    0.000000] setup_percpu: NR_CPUS:512 nr_cpumask_bits:512 nr_cpu_ids:2 nr_node_ids:1
[    0.000000] PERCPU: Embedded 34 pages/cpu @ffff88007fc00000 s99544 r8192 d31528 u1048576
[    0.000000] PV qspinlock hash table entries: 256 (order: 0, 4096 bytes)
[    0.000000] Built 1 zonelists in Node order, mobility grouping on.  Total pages: 515961
[    0.000000] Policy zone: DMA32
[    0.000000] Kernel command line: BOOT_IMAGE=/boot/vmlinuz-4.4.0-109-generic root=LABEL=cloudimg-rootfs ro console=tty1 console=ttyS0
[    0.000000] PID hash table entries: 4096 (order: 3, 32768 bytes)
[    0.000000] Memory: 2033932K/2096696K available (8485K kernel code, 1308K rwdata, 3988K rodata, 1508K init, 1316K bss, 62764K reserved, 0K cma-reserved)
[    0.000000] SLUB: HWalign=64, Order=0-3, MinObjects=0, CPUs=2, Nodes=1
[    0.000000] Kernel/User page tables isolation: enabled
[    0.000000] Hierarchical RCU implementation.
[    0.000000] 	Build-time adjustment of leaf fanout to 64.
[    0.000000] 	RCU restricting CPUs from NR_CPUS=512 to nr_cpu_ids=2.
[    0.000000] RCU: Adjusting geometry for rcu_fanout_leaf=64, nr_cpu_ids=2
[    0.000000] NR_IRQS:33024 nr_irqs:440 16
[    0.000000] Console: colour VGA+ 80x25
[    0.000000] console [tty1] enabled
[    0.000000] console [ttyS0] enabled
[    0.000000] tsc: Detected 2793.634 MHz processor
[    4.266639] Calibrating delay loop (skipped) preset value.. 5587.26 BogoMIPS (lpj=11174536)
[    4.286840] pid_max: default: 32768 minimum: 301
[    4.336303] ACPI: Core revision 20150930
[    4.346783] ACPI: 2 ACPI AML tables successfully acquired and loaded
[    4.390425] Security Framework initialized
[    4.418064] Yama: becoming mindful.
[    4.427586] AppArmor: AppArmor initialized
[    4.474175] Dentry cache hash table entries: 262144 (order: 9, 2097152 bytes)
[    4.518206] Inode-cache hash table entries: 131072 (order: 8, 1048576 bytes)
[    4.565405] Mount-cache hash table entries: 4096 (order: 3, 32768 bytes)
[    4.590101] Mountpoint-cache hash table entries: 4096 (order: 3, 32768 bytes)
[    4.607686] Initializing cgroup subsys io
[    4.622280] Initializing cgroup subsys memory
[    4.637873] Initializing cgroup subsys devices
[    4.639078] Initializing cgroup subsys freezer
[    4.645932] Initializing cgroup subsys net_cls
[    4.703190] Initializing cgroup subsys perf_event
[    4.748936] Initializing cgroup subsys net_prio
[    4.764169] Initializing cgroup subsys hugetlb
[    4.765362] Initializing cgroup subsys pids
[    4.768496] CPU: Physical Processor ID: 0
[    4.773336] CPU: Processor Core ID: 0
[    4.774649] mce: CPU supports 0 MCE banks
[    4.805702] Last level iTLB entries: 4KB 512, 2MB 8, 4MB 8
[    4.828694] Last level dTLB entries: 4KB 512, 2MB 32, 4MB 32, 1GB 0
[    4.918729] Freeing SMP alternatives memory: 32K
[    4.933683] ftrace: allocating 32171 entries in 126 pages
[    5.014254] smpboot: APIC(0) Converting physical 0 to logical package 0
[    5.056749] smpboot: Max logical packages: 1
[    5.119640] x2apic enabled
[    5.172080] Switched APIC routing to physical x2apic.
[    5.179283] ..TIMER: vector=0x30 apic1=0 pin1=2 apic2=-1 pin2=-1
[    5.323900] smpboot: CPU0: Intel(R) Core(TM) i7-3840QM CPU @ 2.80GHz (family: 0x6, model: 0x3a, stepping: 0x9)
[    5.384939] Performance Events: unsupported p6 CPU model 58 no PMU driver, software events only.
[    5.460681] KVM setup paravirtual spinlock
[    5.502879] x86: Booting SMP configuration:
[    5.541786] .... node  #0, CPUs:      #1
[    5.551465] kvm-clock: cpu 1, msr 0:7ffe3041, secondary cpu clock
[    5.592071] mce: CPU supports 0 MCE banks
[    5.605994] x86: Booted up 1 node, 2 CPUs
[    5.634354] smpboot: Total of 2 processors activated (11174.53 BogoMIPS)
[    5.674411] devtmpfs: initialized
[    5.714444] evm: security.selinux
[    5.743377] evm: security.SMACK64
[    5.776227] evm: security.SMACK64EXEC
[    5.778504] evm: security.SMACK64TRANSMUTE
[    5.803021] evm: security.SMACK64MMAP
[    5.809336] evm: security.ima
[    5.840261] evm: security.capability
[    5.862502] clocksource: jiffies: mask: 0xffffffff max_cycles: 0xffffffff, max_idle_ns: 7645041785100000 ns
[    5.926763] futex hash table entries: 512 (order: 3, 32768 bytes)
[    5.956917] pinctrl core: initialized pinctrl subsystem
[    5.962765] RTC time: 17:11:07, date: 01/15/18
[    5.980876] NET: Registered protocol family 16
[    6.020079] cpuidle: using governor ladder
[    6.064348] cpuidle: using governor menu
[    6.089434] PCCT header not found.
[    6.101834] ACPI: bus type PCI registered
[    6.133712] acpiphp: ACPI Hot Plug PCI Controller Driver version: 0.5
[    6.189700] PCI: Using configuration type 1 for base access
[    6.225310] ACPI: Added _OSI(Module Device)
[    6.295060] ACPI: Added _OSI(Processor Device)
[    6.337622] ACPI: Added _OSI(3.0 _SCP Extensions)
[    6.343458] ACPI: Added _OSI(Processor Aggregator Device)
[    6.389369] ACPI: Executed 1 blocks of module-level executable AML code
[    6.409930] ACPI: Interpreter enabled
[    6.459255] ACPI: (supports S0 S5)
[    6.468001] ACPI: Using IOAPIC for interrupt routing
[    6.494614] PCI: Using host bridge windows from ACPI; if necessary, use "pci=nocrs" and report a bug
[    6.515186] ACPI: PCI Root Bridge [PCI0] (domain 0000 [bus 00-ff])
[    6.564249] acpi PNP0A03:00: _OSC: OS supports [ASPM ClockPM Segments MSI]
[    6.593337] acpi PNP0A03:00: _OSC: not requesting OS control; OS requires [ExtendedConfig ASPM ClockPM MSI]
[    6.617092] acpi PNP0A03:00: fail to add MMCONFIG information, can't access extended PCI configuration space under this bridge.
[    6.735328] PCI host bridge to bus 0000:00
[    6.759117] pci_bus 0000:00: root bus resource [io  0x0000-0x0cf7 window]
[    6.810240] pci_bus 0000:00: root bus resource [io  0x0d00-0xffff window]
[    6.834906] pci_bus 0000:00: root bus resource [mem 0x000a0000-0x000bffff window]
[    6.885417] pci_bus 0000:00: root bus resource [mem 0x80000000-0xffdfffff window]
[    6.930580] pci_bus 0000:00: root bus resource [bus 00-ff]
[    6.967654] pci 0000:00:01.1: legacy IDE quirk: reg 0x10: [io  0x01f0-0x01f7]
[    7.052912] pci 0000:00:01.1: legacy IDE quirk: reg 0x14: [io  0x03f6]
[    7.095174] pci 0000:00:01.1: legacy IDE quirk: reg 0x18: [io  0x0170-0x0177]
[    7.104663] pci 0000:00:01.1: legacy IDE quirk: reg 0x1c: [io  0x0376]
[    7.167514] pci 0000:00:07.0: quirk: [io  0x4000-0x403f] claimed by PIIX4 ACPI
[    7.233968] pci 0000:00:07.0: quirk: [io  0x4100-0x410f] claimed by PIIX4 SMB
[    7.344421] ACPI: PCI Interrupt Link [LNKA] (IRQs 5 9 10 *11)
[    7.374237] ACPI: PCI Interrupt Link [LNKB] (IRQs 5 9 10 *11)
[    7.412070] ACPI: PCI Interrupt Link [LNKC] (IRQs 5 9 *10 11)
[    7.414083] ACPI: PCI Interrupt Link [LNKD] (IRQs 5 *9 10 11)
[    7.472590] ACPI: Enabled 2 GPEs in block 00 to 07
[    7.496989] vgaarb: setting as boot device: PCI:0000:00:02.0
[    7.571955] vgaarb: device added: PCI:0000:00:02.0,decodes=io+mem,owns=io+mem,locks=none
[    7.708680] vgaarb: loaded
[    7.737898] vgaarb: bridge control possible 0000:00:02.0
[    7.792324] SCSI subsystem initialized
[    7.841458] ACPI: bus type USB registered
[    7.863921] usbcore: registered new interface driver usbfs
[    7.897768] usbcore: registered new interface driver hub
[    7.923496] usbcore: registered new device driver usb
[    7.951093] PCI: Using ACPI for IRQ routing
[    7.977123] NetLabel: Initializing
[    7.999479] NetLabel:  domain hash size = 128
[    8.007551] NetLabel:  protocols = UNLABELED CIPSOv4
[    8.039878] NetLabel:  unlabeled traffic allowed by default
[    8.111819] amd_nb: Cannot enumerate AMD northbridges
[    8.184649] clocksource: Switched to clocksource kvm-clock
[    8.195226] AppArmor: AppArmor Filesystem Enabled
[    8.238488] pnp: PnP ACPI init
[    8.308655] pnp: PnP ACPI: found 3 devices
[    8.336600] clocksource: acpi_pm: mask: 0xffffff max_cycles: 0xffffff, max_idle_ns: 2085701024 ns
[    8.445788] NET: Registered protocol family 2
[    8.493081] TCP established hash table entries: 16384 (order: 5, 131072 bytes)
[    8.503935] TCP bind hash table entries: 16384 (order: 6, 262144 bytes)
[    8.511206] TCP: Hash tables configured (established 16384 bind 16384)
[    8.583950] UDP hash table entries: 1024 (order: 3, 32768 bytes)
[    8.585495] UDP-Lite hash table entries: 1024 (order: 3, 32768 bytes)
[    8.587680] NET: Registered protocol family 1
[    8.620138] pci 0000:00:00.0: Limiting direct PCI/PCI transfers
[    8.652375] pci 0000:00:01.0: Activating ISA DMA hang workarounds
[    8.663431] Unpacking initramfs...
[   10.218842] Freeing initrd memory: 10792K
[   10.278080] RAPL PMU detected, API unit is 2^-32 Joules, 3 fixed counters 10737418240 ms ovfl timer
[   10.521561] hw unit of domain pp0-core 2^-0 Joules
[   10.578928] hw unit of domain package 2^-0 Joules
[   10.660264] hw unit of domain pp1-gpu 2^-0 Joules
[   10.689538] platform rtc_cmos: registered platform RTC device (no PNP device found)
[   10.789267] Scanning for low memory corruption every 60 seconds
[   10.864750] audit: initializing netlink subsys (disabled)
[   10.909240] audit: type=2000 audit(1516036269.881:1): initialized
[   10.953910] Initialise system trusted keyring
[   11.057211] HugeTLB registered 2 MB page size, pre-allocated 0 pages
[   11.173012] zbud: loaded
[   11.199395] VFS: Disk quotas dquot_6.6.0
[   11.253384] VFS: Dquot-cache hash table entries: 512 (order 0, 4096 bytes)
[   11.285998] squashfs: version 4.0 (2009/01/31) Phillip Lougher
[   11.317658] fuse init (API version 7.23)
[   11.338550] Key type big_key registered
[   11.377802] Allocating IMA MOK and blacklist keyrings.
[   11.395429] Key type asymmetric registered
[   11.450630] Asymmetric key parser 'x509' registered
[   11.468979] Block layer SCSI generic (bsg) driver version 0.4 loaded (major 249)
[   11.478451] io scheduler noop registered
[   11.493759] io scheduler deadline registered (default)
[   11.495277] io scheduler cfq registered
[   11.496436] pci_hotplug: PCI Hot Plug PCI Core version: 0.5
[   11.539639] pciehp: PCI Express Hot Plug Controller Driver version: 0.4
[   11.560335] ACPI: AC Adapter [AC] (on-line)
[   11.574718] input: Power Button as /devices/LNXSYSTM:00/LNXPWRBN:00/input/input0
[   11.586079] ACPI: Power Button [PWRF]
[   11.590784] input: Sleep Button as /devices/LNXSYSTM:00/LNXSLPBN:00/input/input1
[   11.609142] ACPI: Sleep Button [SLPF]
[   11.624790] GHES: HEST is not enabled!
[   11.626638] ACPI: Battery Slot [BAT0] (battery present)
[   11.646780] Serial: 8250/16550 driver, 32 ports, IRQ sharing enabled
[   11.695773] 00:02: ttyS0 at I/O 0x3f8 (irq = 4, base_baud = 115200) is a 16550A
[   11.718349] tsc: Refined TSC clocksource calibration: 2794.562 MHz
[   11.754810] clocksource: tsc: mask: 0xffffffffffffffff max_cycles: 0x28482f836cf, max_idle_ns: 440795280907 ns
[   11.785123] Linux agpgart interface v0.103
[   11.810185] loop: module loaded
[   11.828741] scsi host0: ata_piix
[   11.838594] scsi host1: ata_piix
[   11.856770] ata1: PATA max UDMA/33 cmd 0x1f0 ctl 0x3f6 bmdma 0xd000 irq 14
[   11.908217] ata2: PATA max UDMA/33 cmd 0x170 ctl 0x376 bmdma 0xd008 irq 15
[   11.929252] libphy: Fixed MDIO Bus: probed
[   11.934325] tun: Universal TUN/TAP device driver, 1.6
[   11.948652] tun: (C) 1999-2004 Max Krasnyansky <maxk@qualcomm.com>
[   11.996862] PPP generic driver version 2.4.2
[   12.012321] ehci_hcd: USB 2.0 'Enhanced' Host Controller (EHCI) Driver
[   12.035443] ehci-pci: EHCIPCI platform driver
[   12.107281] ehci-platform: EHCI generic platform driver
[   12.226364] ohci_hcd: USB 1.1 'Open' Host Controller (OHCI) Driver
[   12.326303] ohci-pci: OHCI PCI platform driver
[   12.369676] ohci-platform: OHCI generic platform driver
[   12.417456] uhci_hcd: USB Universal Host Controller Interface driver
[   12.517001] i8042: PNP: PS/2 Controller [PNP0303:PS2K,PNP0f03:PS2M] at 0x60,0x64 irq 1,12
[   12.644714] serio: i8042 KBD port at 0x60,0x64 irq 1
[   12.707952] serio: i8042 AUX port at 0x60,0x64 irq 12
[   12.751361] mousedev: PS/2 mouse device common for all mice
[   12.794363] rtc_cmos rtc_cmos: rtc core: registered rtc_cmos as rtc0
[   12.804467] input: AT Translated Set 2 keyboard as /devices/platform/i8042/serio0/input/input2
[   12.868570] rtc_cmos rtc_cmos: alarms up to one day, 114 bytes nvram
[   12.889096] i2c /dev entries driver
[   12.890766] device-mapper: uevent: version 1.0.3
[   12.937484] device-mapper: ioctl: 4.34.0-ioctl (2015-10-28) initialised: dm-devel@redhat.com
[   12.968213] ledtrig-cpu: registered to indicate activity on CPUs
[   13.014439] NET: Registered protocol family 10
[   13.056718] NET: Registered protocol family 17
[   13.141466] Key type dns_resolver registered
[   13.178148] microcode: CPU0 sig=0x306a9, pf=0x2, revision=0x19
[   13.241528] microcode: CPU1 sig=0x306a9, pf=0x2, revision=0x19
[   13.295155] microcode: Microcode Update Driver: v2.01 <tigran@aivazian.fsnet.co.uk>, Peter Oruba
[   13.364895] registered taskstats version 1
[   13.428943] Loading compiled-in X.509 certificates
[   13.478037] Loaded X.509 cert 'Build time autogenerated kernel key: 96e61bd247bb6c4e82ca419795a98fcb171b0e99'
[   13.513998] zswap: loaded using pool lzo/zbud
[   13.558156] Key type trusted registered
[   13.596712] Key type encrypted registered
[   13.629453] AppArmor: AppArmor sha1 policy hashing enabled
[   13.670701] ima: No TPM chip found, activating TPM-bypass!
[   13.698821] evm: HMAC attrs: 0x1
[   13.713236]   Magic number: 2:515:188
[   13.748215] rtc_cmos rtc_cmos: setting system clock to 2018-01-15 17:11:15 UTC (1516036275)
[   13.783522] BIOS EDD facility v0.16 2004-Jun-25, 0 devices found
[   13.836579] EDD information not available.
[   13.860974] Freeing unused kernel memory: 1508K
[   13.902510] Write protecting the kernel read-only data: 14336k
[   13.904537] Freeing unused kernel memory: 1744K
[   13.907219] Freeing unused kernel memory: 108K
Loading, please wait...
starting version[   13.977498] random: systemd-udevd: uninitialized urandom read (16 bytes read, 4 bits of entropy available)
 229
[   13.978294] random: udevadm: uninitialized urandom read (16 bytes read, 4 bits of entropy available)
[   13.978322] random: udevadm: uninitialized urandom read (16 bytes read, 4 bits of entropy available)
[   13.995377] random: udevadm: uninitialized urandom read (16 bytes read, 4 bits of entropy available)
[   13.995540] random: udevadm: uninitialized urandom read (16 bytes read, 4 bits of entropy available)
[   13.995909] random: udevadm: uninitialized urandom read (16 bytes read, 4 bits of entropy available)
[   13.996093] random: udevadm: uninitialized urandom read (16 bytes read, 4 bits of entropy available)
[   13.996216] random: udevadm: uninitialized urandom read (16 bytes read, 4 bits of entropy available)
[   13.996340] random: udevadm: uninitialized urandom read (16 bytes read, 4 bits of entropy available)
[   13.996452] random: udevadm: uninitialized urandom read (16 bytes read, 4 bits of entropy available)
[   14.553862] e1000: Intel(R) PRO/1000 Network Driver - version 7.3.21-k8-NAPI
[   14.611229] e1000: Copyright (c) 1999-2006 Intel Corporation.
[   14.641462] Fusion MPT base driver 3.04.20
[   14.681777] Copyright (c) 1999-2008 LSI Corporation
[   14.740215] AVX version of gcm_enc/dec engaged.
[   14.759868] AES CTR mode by8 optimization enabled
[   14.787472] Fusion MPT SPI Host driver 3.04.20
[   14.934131] input: ImExPS/2 Generic Explorer Mouse as /devices/platform/i8042/serio1/input/input4
[   15.239865] e1000 0000:00:03.0 eth0: (PCI:33MHz:32-bit) 02:38:07:4c:82:85
[   15.262560] e1000 0000:00:03.0 eth0: Intel(R) PRO/1000 Network Connection
[   15.691308] e1000 0000:00:08.0 eth1: (PCI:33MHz:32-bit) 08:00:27:7f:b5:bf
[   15.698460] e1000 0000:00:08.0 eth1: Intel(R) PRO/1000 Network Connection
[   16.142532] e1000 0000:00:09.0 eth2: (PCI:33MHz:32-bit) 08:00:27:9c:ed:f7
[   16.188890] e1000 0000:00:09.0 eth2: Intel(R) PRO/1000 Network Connection
[   16.224298] mptbase: ioc0: Initiating bringup
[   16.298973] e1000 0000:00:08.0 enp0s8: renamed from eth1
[   16.381326] e1000 0000:00:09.0 enp0s9: renamed from eth2
[   16.417381] e1000 0000:00:03.0 enp0s3: renamed from eth0
[   16.425079] ioc0: LSI53C1030 A0: Capabilities={Initiator}
[   16.587673] scsi host2: ioc0: LSI53C1030 A0, FwRev=00000000h, Ports=1, MaxQ=256, IRQ=20
[   16.785201] scsi 2:0:0:0: Direct-Access     VBOX     HARDDISK         1.0  PQ: 0 ANSI: 5
[   16.862506] scsi target2:0:0: Beginning Domain Validation
[   16.935340] scsi target2:0:0: Domain Validation skipping write tests
[   16.989985] scsi target2:0:0: Ending Domain Validation
[   17.029341] scsi target2:0:0: asynchronous
[   17.088171] scsi 2:0:1:0: Direct-Access     VBOX     HARDDISK         1.0  PQ: 0 ANSI: 5
[   17.145167] scsi target2:0:1: Beginning Domain Validation
[   17.195164] scsi target2:0:1: Domain Validation skipping write tests
[   17.251403] scsi target2:0:1: Ending Domain Validation
[   17.256685] scsi target2:0:1: asynchronous
[   17.271848] sd 2:0:0:0: [sda] 20971520 512-byte logical blocks: (10.7 GB/10.0 GiB)
[   17.272267] sd 2:0:0:0: Attached scsi generic sg0 type 0
[   17.272424] sd 2:0:1:0: Attached scsi generic sg1 type 0
[   17.401914] sd 2:0:1:0: [sdb] 20480 512-byte logical blocks: (10.5 MB/10.0 MiB)
[   17.436337] sd 2:0:1:0: [sdb] Write Protect is off
[   17.448853] sd 2:0:0:0: [sda] Write Protect is off
[   17.463310] sd 2:0:1:0: [sdb] Incomplete mode parameter data
[   17.463357] sd 2:0:0:0: [sda] Incomplete mode parameter data
[   17.463358] sd 2:0:0:0: [sda] Assuming drive cache: write through
[   17.470810]  sda: sda1
[   17.472570] sd 2:0:0:0: [sda] Attached SCSI disk
[   17.565141] sd 2:0:1:0: [sdb] Assuming drive cache: write through
[   17.584792] sd 2:0:1:0: [sdb] Attached SCSI disk
[   17.644775] floppy0: no floppy controllers found
Begin: Loading e[   19.094054] md: linear personality registered for level -1
ssential drivers ... [   19.197518] md: multipath personality registered for level -4
[   19.223708] md: raid0 personality registered for level 0
[   19.297089] md: raid1 personality registered for level 1
[   19.436832] raid6: sse2x1   gen()  5218 MB/s
[   19.516976] raid6: sse2x1   xor()  5813 MB/s
[   19.592733] raid6: sse2x2   gen()  9598 MB/s
[   19.669186] raid6: sse2x2   xor()  7430 MB/s
[   19.784724] raid6: sse2x4   gen() 12398 MB/s
[   19.877126] raid6: sse2x4   xor()  7497 MB/s
[   19.918322] raid6: using algorithm sse2x4 gen() 12398 MB/s
[   19.924856] raid6: .... xor() 7497 MB/s, rmw enabled
[   19.941088] raid6: using ssse3x2 recovery algorithm
[   19.970027] xor: automatically using best checksumming function:
[   20.024660]    avx       : 21166.000 MB/sec
[   20.074332] async_tx: api initialized (async)
[   20.113675] md: raid6 personality registered for level 6
[   20.165617] md: raid5 personality registered for level 5
[   20.229662] md: raid4 personality registered for level 4
[   20.299605] md: raid10 personality registered for level 10
done.
Begin: Running /scripts/init-premount ... done.
Begin: Mounting[   20.364743] Btrfs loaded
 root file system ... Begin: Running /scripts/local-top ... done.
Begin: Running /scripts/local-premount ... Scanning for Btrfs filesystems
done.
[   20.449025] EXT4-fs (sda1): INFO: recovery required on readonly filesystem
Warning: fsck no[   20.542138] EXT4-fs (sda1): write access will be enabled during recovery
t present, so skipping root file[   20.603519] EXT4-fs (sda1): recovery complete
 system
[   20.642135] EXT4-fs (sda1): mounted filesystem with ordered data mode. Opts: (null)
done.
Begin: Running /scripts/local-bottom ... done.
Begin: Running /scripts/init-bottom ... done.
[   20.841320] systemd[1]: systemd 229 running in system mode. (+PAM +AUDIT +SELINUX +IMA +APPARMOR +SMACK +SYSVINIT +UTMP +LIBCRYPTSETUP +GCRYPT +GNUTLS +ACL +XZ -LZ4 +SECCOMP +BLKID +ELFUTILS +KMOD -IDN)
[   21.028415] systemd[1]: Detected virtualization oracle.
[   21.057683] systemd[1]: Detected architecture x86-64.

Welcome to [1mUbuntu 16.04.3 LTS[0m!

[   21.110201] systemd[1]: Set hostname to <ubuntu-xenial>.
[   21.383735] systemd[1]: Reached target Swap.
[[0;32m  OK  [0m] Reached target Swap.
[   21.469238] systemd[1]: Listening on Journal Socket (/dev/log).
[[0;32m  OK  [0m] Listening on Journal Socket (/dev/log).
[   21.577096] systemd[1]: Started Trigger resolvconf update for networkd DNS.
[[0;32m  OK  [0m] Started Trigger resolvconf update for networkd DNS.
[   21.689183] systemd[1]: Listening on udev Kernel Socket.
[[0;32m  OK  [0m] Listening on udev Kernel Socket.
[   21.749074] systemd[1]: Listening on Journal Socket.
[[0;32m  OK  [0m] Listening on Journal Socket.
[   21.825612] systemd[1]: Created slice User and Session Slice.
[[0;32m  OK  [0m] Created slice User and Session Slice.
[   21.937807] systemd[1]: Listening on /dev/initctl Compatibility Named Pipe.
[[0;32m  OK  [0m] Listening on /dev/initctl Compatibility Named Pipe.
[   22.029191] systemd[1]: Listening on Journal Audit Socket.
[[0;32m  OK  [0m] Listening on Journal Audit Socket.
[   22.121449] systemd[1]: Listening on LVM2 metadata daemon socket.
[[0;32m  OK  [0m] Listening on LVM2 metadata daemon socket.
[   22.193572] systemd[1]: Listening on LVM2 poll daemon socket.
[[0;32m  OK  [0m] Listening on LVM2 poll daemon socket.
[   22.345178] systemd[1]: Listening on Syslog Socket.
[[0;32m  OK  [0m] Listening on Syslog Socket.
[   22.448024] systemd[1]: Reached target Encrypted Volumes.
[[0;32m  OK  [0m] Reached target Encrypted Volumes.
[   22.529433] systemd[1]: Set up automount Arbitrary Executable File Formats File System Automount Poitt.
[[0;32m  OK  [0m] Set up automount Arbitrary Executab...ats File System Automount Point.
[   22.849106] systemd[1]: Reached target User and Group Name Lookups.
[[0;32m  OK  [0m] Reached target User and Group Name Lookups.
[   22.903343] systemd[1]: Listening on udev Control Socket.
[[0;32m  OK  [0m] Listening on udev Control Socket.
[   22.957675] systemd[1]: Created slice System Slice.
[[0;32m  OK  [0m] Created slice System Slice.
[   23.049466] systemd[1]: Starting Nameserver information manager...
         Starting Nameserver information manager...
[   23.134543] systemd[1]: Mounting Huge Pages File System...
         Mounting Huge Pages File System...
[   23.250745] systemd[1]: Starting Journal Service...
         Starting Journal Service...
[   23.357484] systemd[1]: Starting Create list of required static device nodes for the current kernel...
[   23.358739] random: nonblocking pool is initialized
         Starting Create list of required st... nodes for the current kernel...
[   23.497549] systemd[1]: Starting Set console keymap...
         Starting Set console keymap...
[   23.617182] systemd[1]: Starting Load Kernel Modules...
         Startin[   23.745079] Loading iSCSI transport class v2.0-870.
g Load Kernel Modules...
[   23.769651] iscsi: registered transport (tcp)
[   23.816983] systemd[1]: Reached target Slices.
[[0;32m  OK  [0m] Reached target Slices.
[   23.853462] systemd[1]: Created slice system-serial\x2dgetty.slice.
[[0;32m  OK  [0m] Created slice system-serial\x2dgetty.slice.[   23.875917] iscsi: registered transport (iser)

[   23.909263] systemd[1]:arting Remount Root and Kernel File Systems...
[   23.916000] EXT4-fs (sda1): re-munted. Opts: (null)
         Starting Remount Root and Kernel File Systems...
[   24.397031] systemd[1]: Mounting Debug File System...
         Mounting Debug File System...
[   24.545247] systemd[1]: Mounting POSIX Message Queue File System...
         Mounting POSIX Message Queue File System...
[   24.693383] systemd[1]: Started Forward Password Requests to Wall Directory Watch.
[[0;32m  OK  [0m] Started Forward Password Requests to Wall Directory Watch.
[   24.917182] systemd[1]: Listening on Device-mapper event daemon FIFOs.
[[0;32m  OK  [0m] Listening on Device-mapper event daemon FIFOs.
[   25.145060] systemd[1]: Starting Monitoring of LVM2 mirrors, snapshots etc. using dmeventd or progress polling...
         Starting Monitoring of LVM2 mirrors... dmeventd or progress polling...
[   25.361191] systemd[1]: Starting Uncomplicated firewall...
         Starting Uncomplicated firewall...
[   25.522458] systemd[1]: Mounted POSIX Message Queue File System.
[[0;32m  OK  [0m] Mounted POSIX Message Queue File System.
[   25.633774] systemd[1]: Mounted Huge Pages File System.
[[0;32m  OK  [0m] Mounted Huge Pages File System.
[   25.801399] systemd[1]: Mounted Debug File System.
[[0;32m  OK  [0m] Mounted Debug File System.
[   25.877199] systemd[1]: Started Journal Service.
[[0;32m  OK  [0m] Started Journal Service.
[[0;32m  OK  [0m] Started Create list of required sta...ce nodes for the current kernel.
[[0;32m  OK  [0m] Started Set console keymap.
[[0;32m  OK  [0m] Started Load Kernel Modules.
[[0;32m  OK  [0m] Started Remount Root and Kernel File Systems.
[[0;32m  OK  [0m] Started Uncomplicated firewall.
[[0;32m  OK  [0m] Started Nameserver information manager.
[[0;32m  OK  [0m] Started LVM2 metadata daemon.
         Starting Initial cloud-init job (pre-networking)...
         Starting udev Coldplug all Devices...
         Starting Load/Save Random Seed...
         Mounting FUSE Control File System...
         Starting Apply Kernel Variables...
         Starting Create Static Device Nodes in /dev...
         Starting Flush Journal to Persistent Storage...
[[0;32m  OK  [0m] Mounted FUSE Control File System.
[[0;32m  OK  [0m] Started Monitoring of LVM2 mirrors,...ng dmeventd or progress polling.
[[0;32m  OK  [0m] Started Load/Save Random Seed.
[[0;32m  OK  [0m] Started Apply Kernel Variables.
[[0;32m  OK  [0m] Started Create Static Device Nodes in /dev.
[[0;32m  OK  [0m] Started udev Coldplug all Devices.
[[0;32m  OK  [0m] Started Flush Journal to Persistent Storage.
         Starting udev Kernel Device Manager...
[[0;32m  OK  [0m] Started udev Kernel Device Manager.
[[0;32m  OK  [0m] Started Dispatch Password Requests to Console Directory Watch.
[[0;32m  OK  [0m] Reached target Local File Systems (Pre).
[[0;32m  OK  [0m] Reached target Local File Systems.
         Starting LSB: AppArmor initialization...
         Starting Create Volatile Files and Directories...
         Starting Tell Plymouth To Write Out Runtime Data...
[   20.043176] cloud-init[445]: Cloud-init v. 17.1 running 'init-local' at Mon, 15 Jan 2018 17:11:28 +0000. Up 19.54 seconds.
         Starting Set console font and keymap...
[[0;32m  OK  [0m] Started Create Volatile Files and Directories.
[[0;32m  OK  [0m] Started Tell Plymouth To Write Out Runtime Data.
[[0;32m  OK  [0m] Started Initial cloud-init job (pre-networking).
[[0;32m  OK  [0m] Found device /dev/ttyS0.
[[0;32m  OK  [0m] Started LSB: AppArmor initialization.
[[0;32m  OK  [0m] Started Set console font and keymap.
[[0;32m  OK  [0m] Listening on Load/Save RF Kill Switch Status /dev/rfkill Watch.
[[0;32m  OK  [0m] Created slice system-getty.slice.
[[0;32m  OK  [0m] Reached target Network (Pre).
[[0;32m  OK  [0m] Started ifup for enp0s8.
[[0;32m  OK  [0m] Started ifup for enp0s9.
[[0;32m  OK  [0m] Started ifup for enp0s3.
         Starting Raise network interfaces...
         Starting Update UTMP about System Boot/Shutdown...
[[0;32m  OK  [0m] Reached target System Time Synchronized.
[[0;32m  OK  [0m] Started Update UTMP about System Boot/Shutdown.
[[0;32m  OK  [0m] Started Raise network interfaces.
[[0;32m  OK  [0m] Reached target Network.
         Starting Initial cloud-init job (metadata service crawler)...
[   23.765329] cloud-init[1180]: Cloud-init v. 17.1 running 'init' at Mon, 15 Jan 2018 17:11:32 +0000. Up 23.42 seconds.
[   23.808986] cloud-init[1180]: ci-info: ++++++++++++++++++++++++++++++++++++++Net device info++++++++++++++++++++++++++++++++++++++
[   23.884636] cloud-init[1180]: ci-info: +--------+------+-----------------------------+---------------+-------+-------------------+
[[0;32m  OK  [0m] Started Initial cloud-init job (metadata service crawler).
[[0;32m  OK  [0m] Reached target Cloud-config availability.
[[0;32m  OK  [0m] Reached target Network is Online.
[   23.927595] cloud-init[1180]: ci-info: | Device |  Up  |           Address           |      Mask     | Scope |     Hw-Address    |
[   24.027838]          cloud-initStarting iSCSI initiator daemon (iscsid)...[1180]: 
ci-info: +--------+------+-----------------------------+---------------+-------+-------------------+
[   24.144951] [cloud-init[0;32m  OK  [0m[1180]: ] ci-info: | enp0s3 | True |          10.0.2.15          | 255.255.255.0 |   .   | 02:38:07:4c:82:85 |Reached target System Initialization.

[   24.252865] [cloud-init[0;32m  OK  [0m[1180]: ] ci-info: | enp0s3 | True |  fe80::38:7ff:fe4c:8285/64  |       .       |  link | 02:38:07:4c:82:85 |Started Daily apt download activities.

[[0;32m  OK  [0m] Started Timer to automatically refresh installed snaps.
         Starting Socket activation for snappy daemon.
[[0;32m  OK  [0m] Listening on D-Bus System Message Bus Socket.
[[0;32m  OK  [0m] Started Daily Cleanup of Temporary Directories.
[   24.253623] cloud-init[1180]: ci-info: | enp0s8 | True |        192.168.57.10        | 255.255.255.0 |   .   | 08:00:27:7f:b5:bf |
[   24.600783] [cloud-init[0;32m  OK  [0m[1180]: ] ci-info: | enp0s8 | True | fe80::a00:27ff:fe7f:b5bf/64 |       .       |  link | 08:00:27:7f:b5:bf |Listening on ACPID Listen Socket.

[   24.708560] [cloud-init[0;32m  OK  [0m[1180]: ] ci-info: | enp0s9 | True |         192.168.0.18        | 255.255.255.0 |   .   | 08:00:27:9c:ed:f7 |Started Daily apt upgrade and clean activities.

[   24.844619] [cloud-init[0;32m  OK  [0m[1180]: ] ci-info: | enp0s9 | True | fe80::a00:27ff:fe9c:edf7/64 |       .       |  link | 08:00:27:9c:ed:f7 |Reached target Timers.

[   24.949134]          cloud-initStarting LXD - unix socket.[1180]: 
ci-info: |   lo   | True |          127.0.0.1          |   255.0.0.0   |   .   |         .         |
[   24.967206] [cloud-init[0;32m  OK  [0m[1180]: ] ci-info: |   lo   | True |           ::1/128           |       .       |  host |         .         |Started ACPI Events Check.

[[0;32m  OK  [0m] Reached target Paths.
[[0;32m  OK  [0m] Listening on UUID daemon activation socket.
[   24.968068] cloud-init[1180]: ci-info: +--------+------+-----------------------------+---------------+-------+-------------------+
[   25.173237] [cloud-init[0;32m  OK  [0m[1180]: ] ci-info: ++++++++++++++++++++++++++++Route IPv4 info++++++++++++++++++++++++++++Listening on Socket activation for snappy daemon.

[   25.232609] [cloud-init[0;32m  OK  [0m[1180]: ] ci-info: +-------+--------------+----------+---------------+-----------+-------+Listening on LXD - unix socket.

[   25.287400] cloud-init[1180]: ci-info: | Route | Destination  | Gateway  |    Genmask    | Interface | Flags |
[[0;32m  OK  [0m] Started iSCSI initiator daemon (iscsid).
[   25.288159] cloud-init[1180]: ci-info: +-------+--------------+----------+---------------+-----------+-------+
[   25.432622]          cloud-initStarting Login to default iSCSI targets...[1180]: 
ci-info: |   0   |   0.0.0.0    | 10.0.2.2 |    0.0.0.0    |   enp0s3  |   UG  |
[   25.516510] [cloud-init[0;32m  OK  [0m[1180]: ] ci-info: |   1   |   10.0.2.0   | 0.0.0.0  | 255.255.255.0 |   enp0s3  |   U   |Reached target Sockets.

[   25.517278] [cloud-init[0;32m  OK  [0m[1180]: ] ci-info: |   2   | 192.168.0.0  | 0.0.0.0  | 255.255.255.0 |   enp0s9  |   U   |Reached target Basic System.

         Starting /etc/rc.local Compatibility...
[   25.627685] cloud-init[1180]: ci-info: |   3   | 192.168.57.0 | 0.0.0.0  | 255.255.255.0 |   enp0s8  |   U   |
[   25.712799] [cloud-init[0;32m  OK  [0m[1180]: ] ci-info: +-------+--------------+----------+---------------+-----------+-------+Started Deferred execution scheduler.

         Starting LSB: Record successful boot for GRUB...
[[0;32m  OK  [0m] Started FUSE filesystem for LXC.
[[0;32m  OK  [0m] Started D-Bus System Message Bus.
         Starting System Logging Service...
[[0;32m  OK  [0m] Started Unattended Upgrades Shutdown.
         Starting OpenBSD Secure Shell server...
[[0;32m  OK  [0m] Started ACPI event daemon.
         Starting Accounts Service...
         Starting Login Service...
         Starting LSB: MD monitoring daemon...
         Starting Apply the settings specified in cloud-config...
[[0;32m  OK  [0m] Started Regular background program processing daemon.
         Starting Snappy daemon...
         Starting LXD - container startup/shutdown...
[[0;32m  OK  [0m] Started System Logging Service.
[[0;32m  OK  [0m] Started OpenBSD Secure Shell server.
[[0;32m  OK  [0m] Started /etc/rc.local Compatibility.
[[0;32m  OK  [0m] Started LSB: Record successful boot for GRUB.
[[0;32m  OK  [0m] Started LXD - container startup/shutdown.
[[0;32m  OK  [0m] Started Login to default iSCSI targets.
[[0;32m  OK  [0m] Started Snappy daemon.
[[0;32m  OK  [0m] Started LSB: MD monitoring daemon.
[[0;32m  OK  [0m] Started Login Service.
         Starting Authenticate and Authorize Users to Run Privileged Tasks...
[[0;32m  OK  [0m] Reached target Remote File Systems (Pre).
[[0;32m  OK  [0m] Reached target Remote File Systems.
[   26.607667] cloud-init[1279]: Cloud-init v. 17.1 running 'modules:config' at Mon, 15 Jan 2018 17:11:35 +0000. Up 26.47 seconds.
         Starting LSB: automatic crash report generation...
         Starting LSB: daemon to balance interrupts for SMP systems...
         Starting LSB: VirtualBox Linux Additions...
         Starting LSB: Set the CPU Frequency Scaling governor to "ondemand"...
         Starting LSB: centralized coordination service...
         Starting Permit User Sessions...
[[0;32m  OK  [0m] Started Apply the settings specified in cloud-config.
[[0;32m  OK  [0m] Started Permit User Sessions.
[[0;32m  OK  [0m] Started Authenticate and Authorize Users to Run Privileged Tasks.
[[0;32m  OK  [0m] Started Accounts Service.
[[0;32m  OK  [0m] Started LSB: Set the CPU Frequency Scaling governor to "ondemand".
[[0;32m  OK  [0m] Started LSB: automatic crash report generation.
[[0;32m  OK  [0m] Started LSB: daemon to balance interrupts for SMP systems.
[[0;32m  OK  [0m] Started LSB: VirtualBox Linux Additions.
[[0;32m  OK  [0m] Started LSB: centralized coordination service.
[[0;32m  OK  [0m] Created slice User Slice of vagrant.
         Starting User Manager for UID 1000...
[[0;32m  OK  [0m] Started Session 1 of user vagrant.
         Starting Hold until boot process finishes up...
         Starting Terminate Plymouth Boot Screen...
[[0;32m  OK  [0m] Started User Manager for UID 1000.
[[0;32m  OK  [0m] Started Hold until boot process finishes up.
[[0;32m  OK  [0m] Started Terminate Plymouth Boot Screen.
[[0;32m  OK  [0m] Started Getty on tty1.
[[0;32m  OK  [0m] Started Serial Getty on ttyS0.
[[0;32m  OK  [0m] Reached target Login Prompts.
[[0;32m  OK  [0m] Reached target Multi-User System.
         Starting Execute cloud user/final scripts...
[[0;32m  OK  [0m] Reached target Graphical Interface.
         Starting Update UTMP about System Runlevel Changes...
         Starting Set console scheme...
[[0;32m  OK  [0m] Started Set console scheme.
[[0;32m  OK  [0m] Started Update UTMP about System Runlevel Changes.
[   28.411167] cloud-init[1438]: Cloud-init v. 17.1 running 'modules:final' at Mon, 15 Jan 2018 17:11:37 +0000. Up 28.22 seconds.
[   28.425229] cloud-init[1438]: Cloud-init v. 17.1 finished at Mon, 15 Jan 2018 17:11:37 +0000. Datasource DataSourceNoCloud [seed=/dev/sdb][dsmode=net].  Up 28.40 seconds
[[0;32m  OK  [0m] Started Execute cloud user/final scripts.
[[0;32m  OK  [0m] Reached target Cloud-init target.
         Starting Daily apt download activities...

Ubuntu 16.04.3 LTS ubuntu-xenial ttyS0

ubuntu-xenial login: [       pp ¡ ∞ Å                   